Copyright 1986-2018 Xilinx, Inc. All Rights Reserved.
------------------------------------------------------------------------------------------
| Tool Version : Vivado v.2018.1 (win64) Build 2188600 Wed Apr  4 18:40:38 MDT 2018
| Date         : Wed May  6 21:19:48 2026
| Host         : LAPTOP-J2EK33O8 running 64-bit major release  (build 9200)
| Command      : report_control_sets -verbose -file NanoProcessor_control_sets_placed.rpt
| Design       : NanoProcessor
| Device       : xc7a35t
------------------------------------------------------------------------------------------

Control Set Information

Table of Contents
-----------------
1. Summary
2. Histogram
3. Flip-Flop Distribution
4. Detailed Control Set Information

1. Summary
----------

+----------------------------------------------------------+-------+
|                          Status                          | Count |
+----------------------------------------------------------+-------+
| Number of unique control sets                            |     6 |
| Unused register locations in slices containing registers |    27 |
+----------------------------------------------------------+-------+


2. Histogram
------------

+--------+--------------+
| Fanout | Control Sets |
+--------+--------------+
|      3 |            1 |
|      4 |            4 |
|    16+ |            1 |
+--------+--------------+


3. Flip-Flop Distribution
-------------------------

+--------------+-----------------------+------------------------+-----------------+--------------+
| Clock Enable | Synchronous Set/Reset | Asynchronous Set/Reset | Total Registers | Total Slices |
+--------------+-----------------------+------------------------+-----------------+--------------+
| No           | No                    | No                     |              26 |            7 |
| No           | No                    | Yes                    |               3 |            2 |
| No           | Yes                   | No                     |               0 |            0 |
| Yes          | No                    | No                     |               0 |            0 |
| Yes          | No                    | Yes                    |              16 |            4 |
| Yes          | Yes                   | No                     |               0 |            0 |
+--------------+-----------------------+------------------------+-----------------+--------------+


4. Detailed Control Set Information
-----------------------------------

+-------------------+------------------------------------+------------------+------------------+----------------+
|    Clock Signal   |            Enable Signal           | Set/Reset Signal | Slice Load Count | Bel Load Count |
+-------------------+------------------------------------+------------------+------------------+----------------+
|  SlowClock/out[0] |                                    | reset_IBUF       |                2 |              3 |
|  SlowClock/out[0] | ProgramCounter/DFF_0/E[0]          | reset_IBUF       |                1 |              4 |
|  SlowClock/out[0] | ProgramCounter/DFF_0/Q_reg[0]_0[0] | reset_IBUF       |                1 |              4 |
|  SlowClock/out[0] | ProgramCounter/DFF_0/Q_reg[0]_1[0] | reset_IBUF       |                1 |              4 |
|  SlowClock/out[0] | ProgramCounter/DFF_0/Q_reg[0]_2[0] | reset_IBUF       |                1 |              4 |
|  clk_IBUF_BUFG    |                                    |                  |                7 |             26 |
+-------------------+------------------------------------+------------------+------------------+----------------+


